2017-07-27 08:42:38 INFO  [3368] TreeFrog Framework version 1.18.0
2017-07-27 08:42:38 INFO  [3368] Qt 5.7.1 / Linux 4.10.0-28-lowlatency
2017-07-27 08:42:38 INFO  [3368] TreeFrog application servers started up.
2017-07-27 08:42:50 INFO  [3368] TreeFrog application servers shutting down
2017-07-27 08:42:58 WARN  [3928] Reading a socket timed out after 10 seconds. Descriptor:13
2017-07-27 08:42:58 WARN  [3927] Reading a socket timed out after 10 seconds. Descriptor:12
2017-07-27 08:42:58 INFO  [3368] TreeFrog application servers shutdown completed
2017-07-27 08:43:41 INFO  [5432] TreeFrog Framework version 1.18.0
2017-07-27 08:43:41 INFO  [5432] Qt 5.7.1 / Linux 4.10.0-28-lowlatency
2017-07-27 08:43:41 INFO  [5432] TreeFrog application servers started up.
2017-07-27 08:43:45 INFO  [5432] TreeFrog application servers shutting down
2017-07-27 08:43:52 WARN  [5557] Reading a socket timed out after 10 seconds. Descriptor:14
2017-07-27 08:43:52 WARN  [5556] Reading a socket timed out after 10 seconds. Descriptor:12
2017-07-27 08:43:53 INFO  [5432] TreeFrog application servers shutdown completed
2017-07-27 08:46:22 INFO  [5868] TreeFrog Framework version 1.18.0
2017-07-27 08:46:22 INFO  [5868] Qt 5.7.1 / Linux 4.10.0-28-lowlatency
2017-07-27 08:46:22 INFO  [5868] TreeFrog application servers started up.
2017-07-27 08:46:28 INFO  [5868] TreeFrog application servers shutting down
2017-07-27 08:46:36 INFO  [5868] TreeFrog application servers shutdown completed
2017-07-27 11:39:20 INFO  [23616] TreeFrog Framework version 1.18.0
2017-07-27 11:39:20 INFO  [23616] Qt 5.7.1 / Linux 4.10.0-28-lowlatency
2017-07-27 11:39:20 INFO  [23616] TreeFrog application servers started up.
2017-07-27 11:39:27 INFO  [23616] TreeFrog application servers shutting down
2017-07-27 11:39:32 INFO  [23616] TreeFrog application servers shutdown completed
2017-07-27 11:50:57 WARN  [27533] Reading a socket timed out after 10 seconds. Descriptor:10
